2025-08-14 06:20:32 [1] SMTP ERROR: Failed to connect to server:  (0)
2025-08-14 06:20:32 [2] SMTP Error: Could not connect to SMTP host. Failed to connect to server
2025-08-14 06:30:36 [2] SERVER -> CLIENT: 220 ESMTP smtp.hostinger.com

2025-08-14 06:30:36 [1] CLIENT -> SERVER: EHLO localhost

2025-08-14 06:30:36 [2] SERVER -> CLIENT: 250-smtp.hostinger.com
250-PIPELINING
250-SIZE 48811212
250-ETRN
250-STARTTLS
250-AUTH PLAIN LOGIN
250-ENHANCEDSTATUSCODES
250-8BITMIME
250-DSN
250 CHUNKING

2025-08-14 06:30:36 [1] CLIENT -> SERVER: STARTTLS

2025-08-14 06:30:36 [2] SERVER -> CLIENT: 220 2.0.0 Ready to start TLS

2025-08-14 06:30:36 [1] CLIENT -> SERVER: EHLO localhost

2025-08-14 06:30:37 [2] SERVER -> CLIENT: 250-smtp.hostinger.com
250-PIPELINING
250-SIZE 48811212
250-ETRN
250-AUTH PLAIN LOGIN
250-ENHANCEDSTATUSCODES
250-8BITMIME
250-DSN
250 CHUNKING

2025-08-14 06:30:37 [1] CLIENT -> SERVER: AUTH LOGIN

2025-08-14 06:30:37 [2] SERVER -> CLIENT: 334 VXNlcm5hbWU6

2025-08-14 06:30:37 [1] CLIENT -> SERVER: [credentials hidden]
2025-08-14 06:30:37 [2] SERVER -> CLIENT: 334 UGFzc3dvcmQ6

2025-08-14 06:30:37 [1] CLIENT -> SERVER: [credentials hidden]
2025-08-14 06:30:39 [2] SERVER -> CLIENT: 535 5.7.8 Error: authentication failed: (reason unavailable)

2025-08-14 06:30:39 [1] SMTP ERROR: Password command failed: 535 5.7.8 Error: authentication failed: (reason unavailable)

2025-08-14 06:30:39 [2] SMTP Error: Could not authenticate.
2025-08-14 06:30:39 [1] CLIENT -> SERVER: QUIT

2025-08-14 06:30:39 [2] SERVER -> CLIENT: 221 2.0.0 Bye

2025-08-14 06:30:39 [2] SMTP Error: Could not authenticate.
2025-08-14 06:30:42 [2] SERVER -> CLIENT: 220 ESMTP smtp.hostinger.com

2025-08-14 06:30:42 [1] CLIENT -> SERVER: EHLO localhost

2025-08-14 06:30:42 [2] SERVER -> CLIENT: 250-smtp.hostinger.com
250-PIPELINING
250-SIZE 48811212
250-ETRN
250-STARTTLS
250-AUTH PLAIN LOGIN
250-ENHANCEDSTATUSCODES
250-8BITMIME
250-DSN
250 CHUNKING

2025-08-14 06:30:42 [1] CLIENT -> SERVER: STARTTLS

2025-08-14 06:30:42 [2] SERVER -> CLIENT: 220 2.0.0 Ready to start TLS

2025-08-14 06:30:42 [1] CLIENT -> SERVER: EHLO localhost

2025-08-14 06:30:43 [2] SERVER -> CLIENT: 250-smtp.hostinger.com
250-PIPELINING
250-SIZE 48811212
250-ETRN
250-AUTH PLAIN LOGIN
250-ENHANCEDSTATUSCODES
250-8BITMIME
250-DSN
250 CHUNKING

2025-08-14 06:30:43 [1] CLIENT -> SERVER: AUTH LOGIN

2025-08-14 06:30:43 [2] SERVER -> CLIENT: 334 VXNlcm5hbWU6

2025-08-14 06:30:43 [1] CLIENT -> SERVER: [credentials hidden]
2025-08-14 06:30:43 [2] SERVER -> CLIENT: 334 UGFzc3dvcmQ6

2025-08-14 06:30:43 [1] CLIENT -> SERVER: [credentials hidden]
2025-08-14 06:30:45 [2] SERVER -> CLIENT: 535 5.7.8 Error: authentication failed: (reason unavailable)

2025-08-14 06:30:45 [1] SMTP ERROR: Password command failed: 535 5.7.8 Error: authentication failed: (reason unavailable)

2025-08-14 06:30:45 [2] SMTP Error: Could not authenticate.
2025-08-14 06:30:45 [1] CLIENT -> SERVER: QUIT

2025-08-14 06:30:45 [2] SERVER -> CLIENT: 221 2.0.0 Bye

2025-08-14 06:30:45 [2] SMTP Error: Could not authenticate.
